"../../../Engine/Content/Animation/DefaultAnimCurveCompressionSettings.uasset" 0
"../../../Engine/Content/ArtTools/RenderToTexture/Enums/RenderToTexture_Enum.uasset" 1
"../../../Engine/Content/ArtTools/RenderToTexture/Enums/RenderToTexture_Flipbook_Enum.uasset" 2
"../../../Engine/Content/ArtTools/RenderToTexture/Enums/RenderToTexture_Imposter_Enum.uasset" 3
"../../../Engine/Content/EditorBlueprintResources/StandardMacros.uasset" 4
"../../../Engine/Content/ArtTools/RenderToTexture/Enums/EIntTypes.uasset" 5
"../../../Engine/Content/ArtTools/RenderToTexture/Macros/RenderToTextureFunctionLibrary.uasset" 6
"../../../Engine/Content/ArtTools/RenderToTexture/Enums/EFloatTypes.uasset" 7
"../../../Engine/Content/ArtTools/RenderToTexture/Macros/RenderToTextureMacros.uasset" 8
"../../../Engine/Content/Functions/Engine_MaterialFunctions01/Opacity/CameraDepthFade.uasset" 9
"../../../Engine/Content/EngineMaterials/T_Default_Material_Grid_M.uasset" 10
"../../../Engine/Content/EngineMaterials/T_Default_Material_Grid_N.uasset" 11
"../../../Engine/Content/EngineMaterials/WorldGridMaterial.uasset" 12
"../../../Engine/Content/ArtTools/RenderToTexture/Meshes/S_1_Unit_Plane.uasset" 13
"../../../Engine/Content/EngineMaterials/DefaultMaterial.uasset" 14
"../../../Engine/Content/BasicShapes/Cone.uasset" 15
"../../../Engine/Content/BasicShapes/Cylinder.uasset" 16
"../../../Engine/Content/BasicShapes/Plane.uasset" 17
"../../../Engine/Content/BasicShapes/Sphere.uasset" 18
"../../../Engine/Content/EngineMaterials/DefaultPhysicalMaterial.uasset" 19
"../../../Engine/Content/BufferVisualization/AmbientOcclusion.uasset" 20
"../../../Engine/Content/BufferVisualization/BaseColor.uasset" 21
"../../../Engine/Content/BufferVisualization/CustomDepth.uasset" 22
"../../../Engine/Content/Functions/Engine_MaterialFunctions02/Utility/VectorLength.uasset" 23
"../../../Engine/Content/BufferVisualization/CustomDepthWorldUnits.uasset" 24
"../../../Engine/Content/Functions/Engine_MaterialFunctions02/Utility/BreakOutFloat2Components.uasset" 25
"../../../Engine/Content/Functions/Engine_MaterialFunctions01/Texturing/ScaleUVsByCenter.uasset" 26
"../../../Engine/Content/Functions/Engine_MaterialFunctions02/ScreenResolution.uasset" 27
"../../../Engine/Content/Functions/Engine_MaterialFunctions02/Texturing/ScreenAlignedUVs.uasset" 28
"../../../Engine/Content/Functions/Engine_MaterialFunctions02/Utility/MakeFloat2.uasset" 29
"../../../Engine/Content/Functions/Engine_MaterialFunctions02/Utility/MakeFloat3.uasset" 30
"../../../Engine/Content/EngineMaterials/MiniFont.uasset" 31
"../../../Engine/Content/BufferVisualization/CustomStencil.uasset" 32
"../../../Engine/Content/BufferVisualization/FinalImage.uasset" 33
"../../../Engine/Content/BufferVisualization/LightingModel.uasset" 34
"../../../Engine/Content/BufferVisualization/MaterialAO.uasset" 35
"../../../Engine/Content/BufferVisualization/Metallic.uasset" 36
"../../../Engine/Content/BufferVisualization/Opacity.uasset" 37
"../../../Engine/Content/BufferVisualization/PostTonemapHDRColor.uasset" 38
"../../../Engine/Content/BufferVisualization/PreTonemapHDRColor.uasset" 39
"../../../Engine/Content/BufferVisualization/Roughness.uasset" 40
"../../../Engine/Content/BufferVisualization/SceneColor.uasset" 41
"../../../Engine/Content/BufferVisualization/SceneDepth.uasset" 42
"../../../Engine/Content/BufferVisualization/SceneDepthWorldUnits.uasset" 43
"../../../Engine/Content/BufferVisualization/SeparateTranslucencyA.uasset" 44
"../../../Engine/Content/BufferVisualization/SeparateTranslucencyRGB.uasset" 45
"../../../Engine/Content/BufferVisualization/Specular.uasset" 46
"../../../Engine/Content/BufferVisualization/SubsurfaceColor.uasset" 47
"../../../Engine/Content/BufferVisualization/Velocity.uasset" 48
"../../../Engine/Content/BufferVisualization/WorldNormal.uasset" 49
"../../../Engine/Content/EditorBlueprintResources/ActorMacros.uasset" 50
"../../../Engine/Content/EditorLandscapeResources/DataLayer.uasset" 51
"../../../Engine/Content/EditorLandscapeResources/DefaultAlphaTexture.uasset" 52
"../../../Engine/Content/EditorLandscapeResources/LandscapeGizmoHeight_Mat.uasset" 53
"../../../Engine/Content/EditorLandscapeResources/LandscapeGizmo_Mat.uasset" 54
"../../../Engine/Content/EditorLandscapeResources/LandscapeGizmo_Mat_Copied.uasset" 55
"../../../Engine/Content/EditorLandscapeResources/SplineEditorMeshMat.uasset" 56
"../../../Engine/Content/EditorLandscapeResources/SplineEditorMesh.uasset" 57
"../../../Engine/Content/EditorMaterials/Cross.uasset" 58
"../../../Engine/Content/EditorMaterials/Cross_Mat.uasset" 59
"../../../Engine/Content/EditorMaterials/GizmoMaterial.uasset" 60
"../../../Engine/Content/Functions/Engine_MaterialFunctions02/ExampleContent/Textures/flipbook.uasset" 61
"../../../Engine/Content/Functions/Engine_MaterialFunctions02/Texturing/FlipBook.uasset" 62
"../../../Engine/Content/Functions/Engine_MaterialFunctions02/Utility/Sign.uasset" 63
"../../../Engine/Content/Functions/Engine_MaterialFunctions02/Utility/Round.uasset" 64
"../../../Engine/Content/EditorResources/T_EditorHelp.uasset" 65
"../../../Engine/Content/EditorMaterials/HelpActorMaterial.uasset" 66
"../../../Engine/Content/EditorMaterials/CompositeARGBLayer.uasset" 67
"../../../Engine/Content/EditorMaterials/TilingAALineIntegral.uasset" 68
"../../../Engine/Content/EditorMaterials/TilingAALineBoxFiltered.uasset" 69
"../../../Engine/Content/Functions/Engine_MaterialFunctions03/Procedurals/ComputeFilterWidth.uasset" 70
"../../../Engine/Content/EditorMaterials/TilingAADots.uasset" 71
"../../../Engine/Content/EngineMaterials/BlendFunc_DefBase.uasset" 72
"../../../Engine/Content/EngineMaterials/BlendFunc_DefBlend.uasset" 73
"../../../Engine/Content/Functions/Engine_MaterialFunctions03/Blends/Blend_Screen.uasset" 74
"../../../Engine/Content/EditorMaterials/TilingAAGrid.uasset" 75
"../../../Engine/Content/EditorMaterials/LevelGridMaterial.uasset" 76
"../../../Engine/Content/EditorMaterials/MAT_Groups_Toggle.uasset" 77
"../../../Engine/Content/EditorMaterials/MAT_Groups_Visibility.uasset" 78
"../../../Engine/Content/EditorMaterials/AntialiasedGridFloor.uasset" 79
"../../../Engine/Content/EditorResources/TilePatine_D.uasset" 80
"../../../Engine/Content/EditorResources/TilePatine_N.uasset" 81
"../../../Engine/Content/EngineMaterials/Grid.uasset" 82
"../../../Engine/Content/EditorMaterials/PersonaFloorMat.uasset" 83
"../../../Engine/Content/EditorMaterials/PhAT_BoneSelectedMaterial.uasset" 84
"../../../Engine/Content/EditorMaterials/PhAT_ElemSelectedMaterial.uasset" 85
"../../../Engine/Content/EditorMaterials/PhAT_NoCollisionMaterial.uasset" 86
"../../../Engine/Content/EditorMaterials/PhAT_UnselectedMaterial.uasset" 87
"../../../Engine/Content/EditorMaterials/PreviewShadowIndicator.uasset" 88
"../../../Engine/Content/EditorMaterials/PreviewShadowIndicatorMaterial.uasset" 89
"../../../Engine/Content/EditorMaterials/TargetIcon.uasset" 90
"../../../Engine/Content/EditorMaterials/Tick.uasset" 91
"../../../Engine/Content/EditorMaterials/Tick_Mat.uasset" 92
"../../../Engine/Content/EditorMaterials/WidgetGridVertexColorMaterial.uasset" 93
"../../../Engine/Content/EditorMaterials/WidgetGridVertexColorMaterial_Ma.uasset" 94
"../../../Engine/Content/EditorMaterials/WidgetMaterial.uasset" 95
"../../../Engine/Content/EditorMaterials/WidgetMaterial_Current.uasset" 96
"../../../Engine/Content/EditorMaterials/WidgetMaterial_X.uasset" 97
"../../../Engine/Content/EditorMaterials/WidgetMaterial_Y.uasset" 98
"../../../Engine/Content/EditorMaterials/WidgetMaterial_Z.uasset" 99
"../../../Engine/Content/EditorMaterials/WidgetVertexColorMaterial.uasset" 100
"../../../Engine/Content/EditorMaterials/MatineeGroups/MAT_ColorTrack.uasset" 101
"../../../Engine/Content/EditorMaterials/MatineeGroups/MAT_Groups_Anim.uasset" 102
"../../../Engine/Content/EditorMaterials/MatineeGroups/MAT_Groups_AudioMaster.uasset" 103
"../../../Engine/Content/EditorMaterials/MatineeGroups/MAT_Groups_Director.uasset" 104
"../../../Engine/Content/EditorMaterials/MatineeGroups/MAT_Groups_Event.uasset" 105
"../../../Engine/Content/EditorMaterials/MatineeGroups/MAT_Groups_Fade.uasset" 106
"../../../Engine/Content/EditorMaterials/MatineeGroups/MAT_Groups_Float.uasset" 107
"../../../Engine/Content/EditorMaterials/MatineeGroups/MAT_Groups_Move.uasset" 108
"../../../Engine/Content/EditorMaterials/MatineeGroups/MAT_Groups_Slomo.uasset" 109
"../../../Engine/Content/EditorMaterials/MatineeGroups/MAT_Groups_Sound.uasset" 110
"../../../Engine/Content/EditorMaterials/MatineeGroups/MAT_Groups_Vector.uasset" 111
"../../../Engine/Content/EditorMaterials/ParticleSystems/PSysThumbnail_NoImage.uasset" 112
"../../../Engine/Content/EditorMaterials/ParticleSystems/PSysThumbnail_OOD.uasset" 113
"../../../Engine/Content/EditorMaterials/Thumbnails/FloorPlaneMaterial.uasset" 114
"../../../Engine/Content/EditorMeshes/EditorCube.uasset" 115
"../../../Engine/Content/EditorMeshes/EditorCylinder.uasset" 116
"../../../Engine/Content/EditorMeshes/EditorPlane.uasset" 117
"../../../Engine/Content/EditorMaterials/Thumbnails/SkySphereMaterial.uasset" 118
"../../../Engine/Content/EditorMeshes/EditorSkySphere.uasset" 119
"../../../Engine/Content/EditorMeshes/EditorSphere.uasset" 120
"../../../Engine/Content/EditorResources/MatineeCam_D.uasset" 121
"../../../Engine/Content/EditorMaterials/MatineeCam_mat.uasset" 122
"../../../Engine/Content/EditorMeshes/MatineeCam_SM.uasset" 123
"../../../Engine/Content/Functions/Engine_MaterialFunctions01/Shading/ConvertFromDiffSpec.uasset" 124
"../../../Engine/Content/EditorMaterials/GridMaterial.uasset" 125
"../../../Engine/Content/EditorMeshes/PhAT_FloorBox.uasset" 126
"../../../Engine/Content/EditorMeshes/PlanarReflectionPlane.uasset" 127
"../../../Engine/Content/EditorMaterials/Camera/CineMat.uasset" 128
"../../../Engine/Content/EditorMaterials/Camera/MI_CineMat_CameraBody.uasset" 129
"../../../Engine/Content/EngineDebugMaterials/M_SimpleOpaque.uasset" 130
"../../../Engine/Content/EditorMaterials/Camera/MI_CineMat_CamViewFinder.uasset" 131
"../../../Engine/Content/EditorMeshes/Camera/SM_CineCam.uasset" 132
"../../../Engine/Content/EditorMaterials/Camera/MI_CineMat_Rig.uasset" 133
"../../../Engine/Content/EditorMeshes/Camera/SM_CraneRig_Arm.uasset" 134
"../../../Engine/Content/EditorMeshes/Camera/SM_CraneRig_Base.uasset" 135
"../../../Engine/Content/EditorMeshes/Camera/SM_CraneRig_Body.uasset" 136
"../../../Engine/Content/EditorMeshes/Camera/SM_CraneRig_Mount.uasset" 137
"../../../Engine/Content/EditorMeshes/Camera/SM_RailRig_Mount.uasset" 138
"../../../Engine/Content/EditorMeshes/Camera/SM_RailRig_Track.uasset" 139
"../../../Engine/Content/EditorMeshes/ColorCalibrator/M_ChromeBall.uasset" 140
"../../../Engine/Content/EditorResources/Bad.uasset" 141
"../../../Engine/Content/EditorResources/BSPVertex.uasset" 142
"../../../Engine/Content/EditorResources/EmptyActor.uasset" 143
"../../../Engine/Content/EditorResources/MatInstActSprite.uasset" 144
"../../../Engine/Content/EditorResources/SceneManager.uasset" 145
"../../../Engine/Content/EditorResources/SmallFont.uasset" 146
"../../../Engine/Content/EditorResources/S_Actor.uasset" 147
"../../../Engine/Content/EditorResources/S_DecalActorIcon.uasset" 148
"../../../Engine/Content/EditorResources/S_Emitter.uasset" 149
"../../../Engine/Content/EditorResources/S_ExpoHeightFog.uasset" 150
"../../../Engine/Content/EditorResources/S_FTest.uasset" 151
"../../../Engine/Content/EditorResources/S_KBSJoint.uasset" 152
"../../../Engine/Content/EditorResources/S_KHinge.uasset" 153
"../../../Engine/Content/EditorResources/S_KPrismatic.uasset" 154
"../../../Engine/Content/EditorResources/S_LevelSequence.uasset" 155
"../../../Engine/Content/EditorResources/S_NavP.uasset" 156
"../../../Engine/Content/EditorResources/S_Note.uasset" 157
"../../../Engine/Content/EditorResources/S_Player.uasset" 158
"../../../Engine/Content/EditorResources/S_PortalActorIcon2.uasset" 159
"../../../Engine/Content/EditorResources/S_RadForce.uasset" 160
"../../../Engine/Content/EditorResources/S_ReflActorIcon.uasset" 161
"../../../Engine/Content/EditorResources/S_Terrain.uasset" 162
"../../../Engine/Content/EditorResources/S_TextRenderActorIcon.uasset" 163
"../../../Engine/Content/EditorResources/S_Thruster.uasset" 164
"../../../Engine/Content/EditorResources/S_Trigger.uasset" 165
"../../../Engine/Content/EditorResources/S_VectorFieldVol.uasset" 166
"../../../Engine/Content/EditorResources/S_WindDirectional.uasset" 167
"../../../Engine/Content/EditorResources/AI/S_NavLink.uasset" 168
"../../../Engine/Content/EditorResources/LightIcons/SkyLight.uasset" 169
"../../../Engine/Content/EditorResources/LightIcons/S_LightDirectional.uasset" 170
"../../../Engine/Content/EditorResources/LightIcons/S_LightDirectionalMove.uasset" 171
"../../../Engine/Content/EditorResources/LightIcons/S_LightError.uasset" 172
"../../../Engine/Content/EditorResources/LightIcons/S_LightPoint.uasset" 173
"../../../Engine/Content/EditorResources/LightIcons/S_LightPointMove.uasset" 174
"../../../Engine/Content/EditorResources/LightIcons/S_LightSpot.uasset" 175
"../../../Engine/Content/EditorResources/LightIcons/S_LightSpotMove.uasset" 176
"../../../Engine/Content/EditorResources/SequenceRecorder/Countdown.uasset" 177
"../../../Engine/Content/EditorResources/SequenceRecorder/RecordingIndicator.uasset" 178
"../../../Engine/Content/EditorResources/Spline/T_Loft_Spline.uasset" 179
"../../../Engine/Content/EditorSounds/Notifications/CompileFailed.uasset" 180
"../../../Engine/Content/EditorSounds/Notifications/CompileFailed_Cue.uasset" 181
"../../../Engine/Content/EditorSounds/Notifications/CompileSuccess.uasset" 182
"../../../Engine/Content/EditorSounds/Notifications/CompileStart_Cue.uasset" 183
"../../../Engine/Content/EditorSounds/Notifications/CompileSuccess_Cue.uasset" 184
"../../../Engine/Content/EngineDamageTypes/DmgTypeBP_Environmental.uasset" 185
"../../../Engine/Content/EngineDebugMaterials/HeatmapGradient.uasset" 186
"../../../Engine/Content/EngineDebugMaterials/BoneWeightMaterial.uasset" 187
"../../../Engine/Content/EngineDebugMaterials/ClothMaterial.uasset" 188
"../../../Engine/Content/EngineDebugMaterials/ClothMaterial_WF.uasset" 189
"../../../Engine/Content/EngineDebugMaterials/DebugEditorMaterial.uasset" 190
"../../../Engine/Content/EngineDebugMaterials/DebugMeshMaterial.uasset" 191
"../../../Engine/Content/EngineDebugMaterials/GeomMaterial.uasset" 192
"../../../Engine/Content/EngineDebugMaterials/LevelColorationLitMaterial.uasset" 193
"../../../Engine/Content/EngineDebugMaterials/LevelColorationUnlitMaterial.uasset" 194
"../../../Engine/Content/EngineMaterials/DefaultWhiteGrid.uasset" 195
"../../../Engine/Content/EngineDebugMaterials/MAT_LevelColorationLitLightmapUV.uasset" 196
"../../../Engine/Content/EngineDebugMaterials/M_SimpleTranslucent.uasset" 197
"../../../Engine/Content/EngineDebugMaterials/ShadedLevelColorationLitMaterial.uasset" 198
"../../../Engine/Content/EngineDebugMaterials/ShadedLevelColorationUnlitMateri.uasset" 199
"../../../Engine/Content/EngineDebugMaterials/VertexColorMaterial.uasset" 200
"../../../Engine/Content/EngineDebugMaterials/VertexColorViewMode_AlphaAsColor.uasset" 201
"../../../Engine/Content/EngineDebugMaterials/VertexColorViewMode_BlueOnly.uasset" 202
"../../../Engine/Content/EngineDebugMaterials/VertexColorViewMode_ColorOnly.uasset" 203
"../../../Engine/Content/EngineDebugMaterials/VertexColorViewMode_GreenOnly.uasset" 204
"../../../Engine/Content/EngineDebugMaterials/VertexColorViewMode_RedOnly.uasset" 205
"../../../Engine/Content/EngineDebugMaterials/WireframeMaterial.uasset" 206
"../../../Engine/Content/EngineFonts/Faces/RobotoBold.uasset" 207
"../../../Engine/Content/EngineFonts/Faces/RobotoBoldItalic.uasset" 208
"../../../Engine/Content/EngineFonts/Faces/RobotoItalic.uasset" 209
"../../../Engine/Content/EngineFonts/Faces/RobotoLight.uasset" 210
"../../../Engine/Content/EngineFonts/Faces/RobotoRegular.uasset" 211
"../../../Engine/Content/EngineFonts/Roboto.uasset" 212
"../../../Engine/Content/EngineFonts/Faces/RobotoTiny.uasset" 213
"../../../Engine/Content/EngineFonts/RobotoTiny.uasset" 214
"../../../Engine/Content/EngineFonts/SmallFont.uasset" 215
"../../../Engine/Content/EngineFonts/TinyFont.uasset" 216
"../../../Engine/Content/EngineMaterials/BaseFlattenDiffuseMap.uasset" 217
"../../../Engine/Content/EngineMaterials/BaseFlattenEmissiveMap.uasset" 218
"../../../Engine/Content/EngineMaterials/BaseFlattenGrayscaleMap.uasset" 219
"../../../Engine/Content/EngineMaterials/BaseFlattenNormalMap.uasset" 220
"../../../Engine/Content/EngineMaterials/BaseFlattenMaterial.uasset" 221
"../../../Engine/Content/EngineResources/WhiteSquareTexture.uasset" 222
"../../../Engine/Content/EngineMaterials/BlinkingCaret.uasset" 223
"../../../Engine/Content/EngineMaterials/DefaultBloomKernel.uasset" 224
"../../../Engine/Content/EngineMaterials/DefaultBokeh.uasset" 225
"../../../Engine/Content/EngineMaterials/DefaultDiffuse.uasset" 226
"../../../Engine/Content/EngineMaterials/DefaultDeferredDecalMaterial.uasset" 227
"../../../Engine/Content/EngineMaterials/DefaultLightFunctionMaterial.uasset" 228
"../../../Engine/Content/EngineMaterials/DefaultNormal.uasset" 229
"../../../Engine/Content/EngineMaterials/DefaultPostProcessMaterial.uasset" 230
"../../../Engine/Content/EngineFonts/RobotoDistanceField.uasset" 231
"../../../Engine/Content/EngineMaterials/DefaultTextMaterialOpaque.uasset" 232
"../../../Engine/Content/EngineMaterials/EditorBrushMaterial.uasset" 233
"../../../Engine/Content/EngineMaterials/Good64x64TilingNoiseHighFreq.uasset" 234
"../../../Engine/Content/EngineMaterials/Grid_N.uasset" 235
"../../../Engine/Content/EngineMaterials/HighResolutionScreenshotMaskFunction.uasset" 236
"../../../Engine/Content/EngineMaterials/HighResScreenshot.uasset" 237
"../../../Engine/Content/EngineMaterials/HighResScreenshotCaptureRegion.uasset" 238
"../../../Engine/Content/EngineMaterials/HighResScreenshotMask.uasset" 239
"../../../Engine/Content/EngineMaterials/LandscapeHolePhysicalMaterial.uasset" 240
"../../../Engine/Content/EngineMaterials/InvalidLightmapSettings.uasset" 241
"../../../Engine/Content/EngineMaterials/M_InvalidLightmapSettings.uasset" 242
"../../../Engine/Content/EngineMaterials/PaperDiffuse.uasset" 243
"../../../Engine/Content/EngineMaterials/PaperNormal.uasset" 244
"../../../Engine/Content/Functions/Engine_MaterialFunctions02/WorldPositionOffset/CameraOffset.uasset" 245
"../../../Engine/Content/EngineMaterials/PhAT_JointLimitMaterial.uasset" 246
"../../../Engine/Content/EngineMaterials/PhysMat_Rubber.uasset" 247
"../../../Engine/Content/EngineMaterials/PreintegratedSkinBRDF.uasset" 248
"../../../Engine/Content/EngineMaterials/RemoveSurfaceMaterial.uasset" 249
"../../../Engine/Content/EngineMaterials/WeightMapPlaceholderTexture.uasset" 250
"../../../Engine/Content/EngineMaterials/Widget3DPassThrough.uasset" 251
"../../../Engine/Content/EngineMaterials/Widget3DPassThrough_Masked.uasset" 252
"../../../Engine/Content/EngineMaterials/Widget3DPassThrough_Opaque.uasset" 253
"../../../Engine/Content/EngineMaterials/Widget3DPassThrough_Masked_OneSided.uasset" 254
"../../../Engine/Content/EngineMaterials/Widget3DPassThrough_Opaque_OneSided.uasset" 255
"../../../Engine/Content/EngineMaterials/Widget3DPassThrough_Translucent.uasset" 256
"../../../Engine/Content/EngineMaterials/Widget3DPassThrough_Translucent_OneSided.uasset" 257
"../../../Engine/Content/EngineMeshes/Cylinder.uasset" 258
"../../../Engine/Content/EngineMeshes/Sphere.uasset" 259
"../../../Engine/Content/EngineResources/Black.uasset" 260
"../../../Engine/Content/EngineResources/DefaultTexture.uasset" 261
"../../../Engine/Content/EngineResources/DefaultTextureCube.uasset" 262
"../../../Engine/Content/EngineResources/DefaultVolumeTexture2D.uasset" 263
"../../../Engine/Content/EngineResources/DefaultVolumeTexture.uasset" 264
"../../../Engine/Content/EngineResources/GradientTexture0.uasset" 265
"../../../Engine/Content/EngineResources/StreamingPauseIcon.uasset" 266
"../../../Engine/Content/EngineResources/M_StreamingPause.uasset" 267
"../../../Engine/Content/EngineSounds/Master.uasset" 268
"../../../Engine/Content/Functions/Engine_MaterialFunctions01/Shading/PowerToRoughness.uasset" 269
"../../../Engine/Content/Maps/Templates/Thumbnails/Default.uasset" 270
"../../../Engine/Content/Maps/Templates/Thumbnails/VR-Basic.uasset" 271
"../../../Engine/Content/MapTemplates/Sky/DaylightAmbientCubemap.uasset" 272
"../../../Engine/Content/MobileResources/T_MobileControls_texture.uasset" 273
"../../../Engine/Content/MobileResources/T_MobileMenu2.uasset" 274
"../../../Engine/Content/MobileResources/HUD/AnalogHat.uasset" 275
"../../../Engine/Content/MobileResources/HUD/VirtualJoystick_Background.uasset" 276
"../../../Engine/Content/MobileResources/HUD/VirtualJoystick_Thumb.uasset" 277
"../../../Engine/Content/MobileResources/HUD/DefaultVirtualJoysticks.uasset" 278
"../../../Engine/Content/MobileResources/HUD/LeftVirtualJoystickOnly.uasset" 279
"../../../Engine/Content/MobileResources/HUD/MobileHUDButton1_off.uasset" 280
"../../../Engine/Content/MobileResources/HUD/MobileHUDButton1_on.uasset" 281
"../../../Engine/Content/MobileResources/HUD/MobileHUDButton2_off.uasset" 282
"../../../Engine/Content/MobileResources/HUD/MobileHUDButton2_on.uasset" 283
"../../../Engine/Content/MobileResources/HUD/MobileHUDButton3.uasset" 284
"../../../Engine/Content/MobileResources/HUD/MobileHUDButtonFire.uasset" 285
"../../../Engine/Content/MobileResources/HUD/MobileHUDDirectionPad.uasset" 286
"../../../Engine/Content/MobileResources/HUD/MobileHUDDirectionPad2.uasset" 287
"../../../Engine/Content/MobileResources/HUD/MobileHUDDirectionPad3.uasset" 288
"../../../Engine/Content/MobileResources/HUD/MobileHUDDirectionStick.uasset" 289
"../../../Engine/Content/MobileResources/HUD/T_Castle_ThumbstickInner.uasset" 290
"../../../Engine/Content/MobileResources/HUD/T_Castle_ThumbstickOutter.uasset" 291
"../../../Engine/Content/Tutorial/ContentIntroCurve.uasset" 292
"../../../Engine/Content/Tutorial/Basics/LevelEditorAttract.uasset" 293
"../../../Engine/Content/Tutorial/Basics/TutorialAssets/icon_tab_Levels_40x.uasset" 294
"../../../Engine/Content/Tutorial/Basics/LevelEditorOverview.uasset" 295
"../../../Engine/Content/Tutorial/BlueprintTutorials/TutorialAssets/Blueprint_64x.uasset" 296
"../../../Engine/Content/Tutorial/BlueprintTutorials/BlueprintEditorTutorial.uasset" 297
"../../../Engine/Content/Tutorial/BlueprintTutorials/TutorialAssets/Tutorial_BP_MacroLib.uasset" 298
"../../../Engine/Content/VREditor/LaserPointer/VR_LaserPower_01.uasset" 299
"../../../Engine/Content/VREditor/TransformGizmo/TransformGizmoMaterial.uasset" 300
"../../../Engine/Content/VREditor/TransformGizmo/TranslucentTransformGizmoMaterial.uasset" 301
"../../../Engine/Content/VREditor/TransformGizmo/BoundingBoxCorner.uasset" 302
"../../../Engine/Content/VREditor/TransformGizmo/BoundingBoxEdge.uasset" 303
"../../../Engine/Content/VREditor/TransformGizmo/PlaneTranslationHandle.uasset" 304
"../../../Engine/Content/VREditor/TransformGizmo/Main.uasset" 305
"../../../Engine/Content/VREditor/TransformGizmo/Xray.uasset" 306
"../../../Engine/Content/VREditor/TransformGizmo/SM_Sequencer_Key.uasset" 307
"../../../Engine/Content/VREditor/TransformGizmo/SM_Sequencer_Node.uasset" 308
"D:/GitHub/2DPlatformer/Content/2DSideScrollerBP/Blueprints/BP_Timer.uasset" 309
"../../Plugins/2D/Paper2D/Content/PlaceholderTextures/DummySpriteTexture.uasset" 310
"../../Plugins/2D/Paper2D/Content/DummySprite.uasset" 311
"../../Plugins/2D/Paper2D/Content/DefaultPaperTerrainMaterial.uasset" 312
"../../Plugins/2D/Paper2D/Content/DefaultSpriteMaterial.uasset" 313
"../../Plugins/2D/Paper2D/Content/MaskedUnlitSpriteMaterial.uasset" 314
"../../Plugins/2D/Paper2D/Content/OpaqueUnlitSpriteMaterial.uasset" 315
"../../Plugins/Enterprise/DatasmithContent/Content/Blueprints/FBXImporter/ArrayOfActor.uasset" 316
"../../Plugins/Enterprise/DatasmithContent/Content/Blueprints/FBXImporter/ArrayOfSwitch.uasset" 317
"../../Plugins/Enterprise/DatasmithContent/Content/Blueprints/FBXImporter/BP_SceneNode.uasset" 318
"../../Plugins/Enterprise/DatasmithContent/Content/Blueprints/FBXImporter/BP_Switch.uasset" 319
"../../Plugins/Enterprise/DatasmithContent/Content/Blueprints/FBXImporter/BP_SceneRoot.uasset" 320
"../../Plugins/Enterprise/DatasmithContent/Content/Blueprints/FBXImporter/FBXImporterUtils.uasset" 321
"../../Plugins/Enterprise/DatasmithContent/Content/Blueprints/FBXImporter/Animation/DeltaGenAnimationTrackType.uasset" 322
"../../Plugins/Enterprise/DatasmithContent/Content/Blueprints/FBXImporter/Animation/VREDAnimationTrackComponent.uasset" 323
"../../Plugins/Enterprise/DatasmithContent/Content/Blueprints/FBXImporter/Animation/VREDAnimationTrackType.uasset" 324
"../../Plugins/Enterprise/DatasmithContent/Content/Blueprints/FBXImporter/Animation/VREDAnimCurveComponent.uasset" 325
"../../Plugins/Enterprise/DatasmithContent/Content/Blueprints/FBXImporter/Animation/VREDAnimCurveType.uasset" 326
"../../Plugins/Enterprise/DatasmithContent/Content/Blueprints/FBXImporter/Variants/VariantSwitchType.uasset" 327
"../../Plugins/Enterprise/DatasmithContent/Content/Blueprints/FBXImporter/Variants/VREDVariantSwitchType.uasset" 328
"../../Plugins/Enterprise/DatasmithContent/Content/Blueprints/FBXImporter/Variants/VREDVariantType.uasset" 329
"../../Plugins/Runtime/Oculus/OculusVR/Content/OculusMR_RenderTarget.uasset" 330
"../../../Engine/Content/Functions/Engine_MaterialFunctions02/Utility/BreakOutFloat4Components.uasset" 331
"../../Plugins/Runtime/Oculus/OculusVR/Content/Materials/OculusMR_ChromaKey.uasset" 332
"../../Plugins/Runtime/Oculus/OculusVR/Content/Materials/OculusMR_ChromaKey_Lit.uasset" 333
"../../Plugins/Runtime/Oculus/OculusVR/Content/Materials/OculusMR_OpaqueColoredMaterial.uasset" 334
"../../Plugins/Runtime/Oculus/OculusVR/Content/Materials/OculusMR_WhiteMaterial.uasset" 335
"../../Plugins/Runtime/Oculus/OculusVR/Content/Materials/PokeAHoleMaterial.uasset" 336
"../../Plugins/Runtime/Oculus/OculusVR/Content/Textures/GearVRController_AO.uasset" 337
"../../Plugins/Runtime/Oculus/OculusVR/Content/Textures/GearVRController_Color.uasset" 338
"../../Plugins/Runtime/Oculus/OculusVR/Content/Textures/GearVRController_Normal.uasset" 339
"../../Plugins/Runtime/Oculus/OculusVR/Content/Materials/GearVRControllerMaterial.uasset" 340
"../../Plugins/Runtime/Oculus/OculusVR/Content/Meshes/GearVrController.uasset" 341
"../../Plugins/Runtime/Oculus/OculusVR/Content/Textures/touchController_albedo.uasset" 342
"../../Plugins/Runtime/Oculus/OculusVR/Content/Textures/touchController_controlmap.uasset" 343
"../../Plugins/Runtime/Oculus/OculusVR/Content/Materials/touchController_mat.uasset" 344
"../../Plugins/Runtime/Oculus/OculusVR/Content/Meshes/LeftTouchController.uasset" 345
"../../Plugins/Runtime/Oculus/OculusVR/Content/Meshes/RiftHMD.uasset" 346
"../../Plugins/Runtime/Oculus/OculusVR/Content/Meshes/RightTouchController.uasset" 347
"../../../Engine/Content/Maps/Entry_BuiltData.uasset" 348
"../../../Engine/Content/Maps/Entry.umap" 349
"../../Plugins/2D/Paper2D/Content/TranslucentUnlitSpriteMaterial.uasset" 350
"D:/GitHub/2DPlatformer/Content/2DSideScrollerBP/CleanedUP/Characters/Dinosaur/Idle/PNGs/Idle_01.uasset" 351
"D:/GitHub/2DPlatformer/Content/2DSideScrollerBP/CleanedUP/Characters/Dinosaur/Idle/Sprites/Idle_01_Sprite.uasset" 352
"D:/GitHub/2DPlatformer/Content/2DSideScrollerBP/CleanedUP/Characters/Dinosaur/Idle/PNGs/Idle_02.uasset" 353
"D:/GitHub/2DPlatformer/Content/2DSideScrollerBP/CleanedUP/Characters/Dinosaur/Idle/Sprites/Idle_02_Sprite.uasset" 354
"D:/GitHub/2DPlatformer/Content/2DSideScrollerBP/CleanedUP/Characters/Dinosaur/Idle/PNGs/Idle_03.uasset" 355
"D:/GitHub/2DPlatformer/Content/2DSideScrollerBP/CleanedUP/Characters/Dinosaur/Idle/Sprites/Idle_03_Sprite.uasset" 356
"D:/GitHub/2DPlatformer/Content/2DSideScrollerBP/CleanedUP/Characters/Dinosaur/Idle/PNGs/Idle_04.uasset" 357
"D:/GitHub/2DPlatformer/Content/2DSideScrollerBP/CleanedUP/Characters/Dinosaur/Idle/Sprites/Idle_04_Sprite.uasset" 358
"D:/GitHub/2DPlatformer/Content/2DSideScrollerBP/CleanedUP/Characters/Dinosaur/Idle/PNGs/Idle_05.uasset" 359
"D:/GitHub/2DPlatformer/Content/2DSideScrollerBP/CleanedUP/Characters/Dinosaur/Idle/Sprites/Idle_05_Sprite.uasset" 360
"D:/GitHub/2DPlatformer/Content/2DSideScrollerBP/CleanedUP/Characters/Dinosaur/Idle/PNGs/Idle_06.uasset" 361
"D:/GitHub/2DPlatformer/Content/2DSideScrollerBP/CleanedUP/Characters/Dinosaur/Idle/Sprites/Idle_06_Sprite.uasset" 362
"D:/GitHub/2DPlatformer/Content/2DSideScrollerBP/CleanedUP/Characters/Dinosaur/Idle/PNGs/Idle_07.uasset" 363
"D:/GitHub/2DPlatformer/Content/2DSideScrollerBP/CleanedUP/Characters/Dinosaur/Idle/Sprites/Idle_07_Sprite.uasset" 364
"D:/GitHub/2DPlatformer/Content/2DSideScrollerBP/CleanedUP/Characters/Dinosaur/Idle/PNGs/Idle_08.uasset" 365
"D:/GitHub/2DPlatformer/Content/2DSideScrollerBP/CleanedUP/Characters/Dinosaur/Idle/Sprites/Idle_08_Sprite.uasset" 366
"D:/GitHub/2DPlatformer/Content/2DSideScrollerBP/CleanedUP/Characters/Dinosaur/Idle/PNGs/Idle_09.uasset" 367
"D:/GitHub/2DPlatformer/Content/2DSideScrollerBP/CleanedUP/Characters/Dinosaur/Idle/Sprites/Idle_09_Sprite.uasset" 368
"D:/GitHub/2DPlatformer/Content/2DSideScrollerBP/CleanedUP/Characters/Dinosaur/Idle/PNGs/Idle_10.uasset" 369
"D:/GitHub/2DPlatformer/Content/2DSideScrollerBP/CleanedUP/Characters/Dinosaur/Idle/Sprites/Idle_10_Sprite.uasset" 370
"D:/GitHub/2DPlatformer/Content/2DSideScrollerBP/CleanedUP/Characters/Dinosaur/Idle/Flipbook/Idle.uasset" 371
"D:/GitHub/2DPlatformer/Content/2DSideScrollerBP/CleanedUP/Characters/Dinosaur/Run/PNGs/Run_01.uasset" 372
"D:/GitHub/2DPlatformer/Content/2DSideScrollerBP/CleanedUP/Characters/Dinosaur/Run/Sprites/Run_01_Sprite.uasset" 373
"D:/GitHub/2DPlatformer/Content/2DSideScrollerBP/CleanedUP/Characters/Dinosaur/Run/PNGs/Run_02.uasset" 374
"D:/GitHub/2DPlatformer/Content/2DSideScrollerBP/CleanedUP/Characters/Dinosaur/Run/Sprites/Run_02_Sprite.uasset" 375
"D:/GitHub/2DPlatformer/Content/2DSideScrollerBP/CleanedUP/Characters/Dinosaur/Run/PNGs/Run_03.uasset" 376
"D:/GitHub/2DPlatformer/Content/2DSideScrollerBP/CleanedUP/Characters/Dinosaur/Run/Sprites/Run_03_Sprite.uasset" 377
"D:/GitHub/2DPlatformer/Content/2DSideScrollerBP/CleanedUP/Characters/Dinosaur/Run/PNGs/Run_04.uasset" 378
"D:/GitHub/2DPlatformer/Content/2DSideScrollerBP/CleanedUP/Characters/Dinosaur/Run/Sprites/Run_04_Sprite.uasset" 379
"D:/GitHub/2DPlatformer/Content/2DSideScrollerBP/CleanedUP/Characters/Dinosaur/Run/PNGs/Run_05.uasset" 380
"D:/GitHub/2DPlatformer/Content/2DSideScrollerBP/CleanedUP/Characters/Dinosaur/Run/Sprites/Run_05_Sprite.uasset" 381
"D:/GitHub/2DPlatformer/Content/2DSideScrollerBP/CleanedUP/Characters/Dinosaur/Run/PNGs/Run_06.uasset" 382
"D:/GitHub/2DPlatformer/Content/2DSideScrollerBP/CleanedUP/Characters/Dinosaur/Run/Sprites/Run_06_Sprite.uasset" 383
"D:/GitHub/2DPlatformer/Content/2DSideScrollerBP/CleanedUP/Characters/Dinosaur/Run/PNGs/Run_07.uasset" 384
"D:/GitHub/2DPlatformer/Content/2DSideScrollerBP/CleanedUP/Characters/Dinosaur/Run/Sprites/Run_07_Sprite.uasset" 385
"D:/GitHub/2DPlatformer/Content/2DSideScrollerBP/CleanedUP/Characters/Dinosaur/Run/PNGs/Run_08.uasset" 386
"D:/GitHub/2DPlatformer/Content/2DSideScrollerBP/CleanedUP/Characters/Dinosaur/Run/Sprites/Run_08_Sprite.uasset" 387
"D:/GitHub/2DPlatformer/Content/2DSideScrollerBP/CleanedUP/Characters/Dinosaur/Run/Flipbook/Run.uasset" 388
"D:/GitHub/2DPlatformer/Content/Blueprints/2DSideScrollerCharacter.uasset" 389
"D:/GitHub/2DPlatformer/Content/2DSideScrollerBP/UI/UI_score.uasset" 390
"D:/GitHub/2DPlatformer/Content/2DSideScrollerBP/UI/UI_Timer.uasset" 391
"D:/GitHub/2DPlatformer/Content/2DSideScrollerBP/UI/UI_WinLose.uasset" 392
"D:/GitHub/2DPlatformer/Content/2DSideScrollerBP/UI/UI_main.uasset" 393
"D:/GitHub/2DPlatformer/Content/Blueprints/BP_myHud.uasset" 394
"D:/GitHub/2DPlatformer/Content/2DSideScrollerBP/Blueprints/2DSideScrollerGameMode.uasset" 395
"D:/GitHub/2DPlatformer/Content/2DSideScrollerBP/Blueprints/GlobalInstance.uasset" 396
"D:/GitHub/2DPlatformer/Content/2DSideScroller/Textures/star_coin_all_rotate_1_.uasset" 397
"D:/GitHub/2DPlatformer/Content/2DSideScroller/Textures/star_coin_all_rotate_1__Sprite_0.uasset" 398
"D:/GitHub/2DPlatformer/Content/2DSideScroller/Textures/star_coin_all_rotate_1__Sprite_1.uasset" 399
"D:/GitHub/2DPlatformer/Content/2DSideScroller/Textures/star_coin_all_rotate_1__Sprite_2.uasset" 400
"D:/GitHub/2DPlatformer/Content/2DSideScroller/Textures/star_coin_all_rotate_1__Sprite_3.uasset" 401
"D:/GitHub/2DPlatformer/Content/2DSideScroller/Textures/star_coin_all_rotate_1__Sprite_4.uasset" 402
"D:/GitHub/2DPlatformer/Content/2DSideScroller/Textures/star_coin_all_rotate_1__Sprite_5.uasset" 403
"D:/GitHub/2DPlatformer/Content/2DSideScroller/Sprites/coinSpin.uasset" 404
"D:/GitHub/2DPlatformer/Content/2DSideScroller/Textures/Explosion.uasset" 405
"D:/GitHub/2DPlatformer/Content/2DSideScroller/Textures/Explosion_Sprite_0.uasset" 406
"D:/GitHub/2DPlatformer/Content/2DSideScroller/Textures/Explosion_Sprite_1.uasset" 407
"D:/GitHub/2DPlatformer/Content/2DSideScroller/Textures/Explosion_Sprite_10.uasset" 408
"D:/GitHub/2DPlatformer/Content/2DSideScroller/Textures/Explosion_Sprite_11.uasset" 409
"D:/GitHub/2DPlatformer/Content/2DSideScroller/Textures/Explosion_Sprite_2.uasset" 410
"D:/GitHub/2DPlatformer/Content/2DSideScroller/Textures/Explosion_Sprite_3.uasset" 411
"D:/GitHub/2DPlatformer/Content/2DSideScroller/Textures/Explosion_Sprite_4.uasset" 412
"D:/GitHub/2DPlatformer/Content/2DSideScroller/Textures/Explosion_Sprite_5.uasset" 413
"D:/GitHub/2DPlatformer/Content/2DSideScroller/Textures/Explosion_Sprite_6.uasset" 414
"D:/GitHub/2DPlatformer/Content/2DSideScroller/Textures/Explosion_Sprite_7.uasset" 415
"D:/GitHub/2DPlatformer/Content/2DSideScroller/Textures/Explosion_Sprite_8.uasset" 416
"D:/GitHub/2DPlatformer/Content/2DSideScroller/Textures/Explosion_Sprite_9.uasset" 417
"D:/GitHub/2DPlatformer/Content/2DSideScroller/Sprites/Explosion1.uasset" 418
"D:/GitHub/2DPlatformer/Content/2DSideScrollerBP/Blueprints/PointPowerup.uasset" 419
"D:/GitHub/2DPlatformer/Content/Coins_BuiltData.uasset" 420
"D:/GitHub/2DPlatformer/Content/Coins.umap" 421
"D:/GitHub/2DPlatformer/Content/Enemies_BuiltData.uasset" 422
"D:/GitHub/2DPlatformer/Content/Enemies.umap" 423
"D:/GitHub/2DPlatformer/Content/Objects_BuiltData.uasset" 424
"D:/GitHub/2DPlatformer/Content/2DSideScrollerBP/ArtPNGs/LevelComponents/Desert/Objects/Cactus__3_.uasset" 425
"D:/GitHub/2DPlatformer/Content/2DSideScroller/Sprites/Cactus_1_Sprite.uasset" 426
"D:/GitHub/2DPlatformer/Content/Objects.umap" 427
"D:/GitHub/2DPlatformer/Content/2DSideScrollerBP/ArtPNGs/LevelComponents/Desert/Objects/StoneBlock.uasset" 428
"D:/GitHub/2DPlatformer/Content/2DSideScroller/Materials/Platform.uasset" 429
"D:/GitHub/2DPlatformer/Content/2DSideScroller/Sprites/Platform_Sprite.uasset" 430
"D:/GitHub/2DPlatformer/Content/Blueprints/PlatformMove.uasset" 431
"D:/GitHub/2DPlatformer/Content/Blueprints/RotatingPlatform.uasset" 432
"D:/GitHub/2DPlatformer/Content/Platforms_BuiltData.uasset" 433
"D:/GitHub/2DPlatformer/Content/2DSideScrollerBP/ArtPNGs/LevelComponents/Desert/Objects/Crate.uasset" 434
"D:/GitHub/2DPlatformer/Content/2DSideScroller/Sprites/Box_Sprite.uasset" 435
"D:/GitHub/2DPlatformer/Content/Platforms.umap" 436
"D:/GitHub/2DPlatformer/Content/Player_BuiltData.uasset" 437
"D:/GitHub/2DPlatformer/Content/Player.umap" 438
"../../../Engine/Content/BasicShapes/BasicShapeMaterial.uasset" 439
"../../../Engine/Content/BasicShapes/Cube.uasset" 440
"D:/GitHub/2DPlatformer/Content/Blueprints/Teleporter.uasset" 441
"D:/GitHub/2DPlatformer/Content/Teleporters_BuiltData.uasset" 442
"D:/GitHub/2DPlatformer/Content/Teleporters.umap" 443
"D:/GitHub/2DPlatformer/Content/2DSideScrollerBP/Blueprints/Gathering.uasset" 444
"D:/GitHub/2DPlatformer/Content/2DSideScrollerBP/UI/UI_MainMenu.uasset" 445
"D:/GitHub/2DPlatformer/Content/2DSideScrollerBP/Levels/MainMenu.umap" 446
"D:/GitHub/2DPlatformer/Content/2DSideScrollerBP/Blueprints/BP_CoinObjectPool.uasset" 447
"D:/GitHub/2DPlatformer/Content/2DSideScrollerBP/Maps/GameWorld_BuiltData.uasset" 448
"../../../Engine/Content/MapTemplates/Bokeh_5Sides.uasset" 449
"../../../Engine/Content/MapTemplates/T_ScreenDirt02_w.uasset" 450
"D:/GitHub/2DPlatformer/Content/2DSideScrollerBP/ArtPNGs/LevelComponents/Desert/BG.uasset" 451
"D:/GitHub/2DPlatformer/Content/2DSideScroller/Sprites/BG_Sprite.uasset" 452
"D:/GitHub/2DPlatformer/Content/2dSideScroller/Textures/2DBackgroundBlockAtlas.uasset" 453
"D:/GitHub/2DPlatformer/Content/2DSideScroller/Sprites/Ledge.uasset" 454
"D:/GitHub/2DPlatformer/Content/2DSideScrollerBP/Maps/GameWorld.umap" 455
